<?xml version="1.0" encoding="UTF-8"?>
<!-- Generated by org.testng.reporters.JUnitXMLReporter -->
<testsuite ignored="0" hostname="LAPTOP-CA5M2G4K" failures="0" tests="3" name="Default test" time="36.085" errors="0" timestamp="2022-10-22T14:44:23 BDT">
  <testcase classname="HomePage.homePageTest" name="titleNacceptcook" time="2.073"/>
  <testcase classname="HomePage.homePageTest" name="logoTestNclick" time="3.516"/>
  <testcase classname="HomePage.homePageTest" name="HomeCarousel" time="30.475"/>
</testsuite> <!-- Default test -->
