<?xml version="1.0" encoding="UTF-8"?>
<!-- Generated by org.testng.reporters.JUnitXMLReporter -->
<testsuite ignored="0" hostname="LAPTOP-CA5M2G4K" failures="0" tests="3" name="Default test" time="30.119" errors="0" timestamp="2022-10-22T19:50:55 BDT">
  <testcase classname="HomePage.homePageTest" name="titleNacceptCook" time="2.115"/>
  <testcase classname="HomePage.homePageTest" name="logoTestNclick" time="5.448"/>
  <testcase classname="HomePage.homePageTest" name="HomeCarousel" time="22.527"/>
</testsuite> <!-- Default test -->
