<?xml version="1.0" encoding="UTF-8"?>
<testng-results ignored="0" total="2" passed="2" failed="0" skipped="0">
  <reporter-output>
  </reporter-output>
  <suite started-at="2022-10-22T00:47:54 BDT" name="Default suite" finished-at="2022-10-22T00:48:35 BDT" duration-ms="40332">
    <groups>
    </groups>
    <test started-at="2022-10-22T00:47:54 BDT" name="Default test" finished-at="2022-10-22T00:48:35 BDT" duration-ms="40332">
      <class name="HomePage.homePageTest">
        <test-method is-config="true" signature="Browser()[pri:0, instance:HomePage.homePageTest@57a3af25]" started-at="2022-10-22T00:47:40 BDT" name="Browser" finished-at="2022-10-22T00:47:54 BDT" duration-ms="14657" status="PASS">
          <reporter-output>
          </reporter-output>
        </test-method> <!-- Browser -->
        <test-method signature="notification()[pri:1, instance:HomePage.homePageTest@57a3af25]" started-at="2022-10-22T00:47:54 BDT" name="notification" finished-at="2022-10-22T00:47:57 BDT" duration-ms="2145" status="PASS">
          <reporter-output>
          </reporter-output>
        </test-method> <!-- notification -->
        <test-method signature="Support()[pri:2, instance:HomePage.homePageTest@57a3af25]" started-at="2022-10-22T00:47:57 BDT" name="Support" finished-at="2022-10-22T00:48:35 BDT" duration-ms="38129" status="PASS">
          <reporter-output>
          </reporter-output>
        </test-method> <!-- Support -->
        <test-method is-config="true" signature="tearDown()[pri:0, instance:HomePage.homePageTest@57a3af25]" started-at="2022-10-22T00:48:35 BDT" name="tearDown" finished-at="2022-10-22T00:48:35 BDT" duration-ms="207" status="PASS">
          <reporter-output>
          </reporter-output>
        </test-method> <!-- tearDown -->
      </class> <!-- HomePage.homePageTest -->
    </test> <!-- Default test -->
  </suite> <!-- Default suite -->
</testng-results>
