<?xml version="1.0" encoding="UTF-8"?>
<testng-results ignored="0" total="7" passed="7" failed="0" skipped="0">
  <reporter-output>
  </reporter-output>
  <suite started-at="2022-10-23T01:00:00 BDT" name="Default suite" finished-at="2022-10-23T01:01:22 BDT" duration-ms="81338">
    <groups>
    </groups>
    <test started-at="2022-10-23T01:00:00 BDT" name="Default test" finished-at="2022-10-23T01:01:22 BDT" duration-ms="81338">
      <class name="HomePage.homePageTest">
        <test-method is-config="true" signature="Browser()[pri:0, instance:HomePage.homePageTest@6adbc9d]" started-at="2022-10-23T00:59:51 BDT" name="Browser" finished-at="2022-10-23T01:00:00 BDT" duration-ms="9556" status="PASS">
          <reporter-output>
          </reporter-output>
        </test-method> <!-- Browser -->
        <test-method signature="titleNacceptCook()[pri:1, instance:HomePage.homePageTest@6adbc9d]" started-at="2022-10-23T01:00:00 BDT" name="titleNacceptCook" finished-at="2022-10-23T01:00:03 BDT" duration-ms="2159" status="PASS">
          <reporter-output>
          </reporter-output>
        </test-method> <!-- titleNacceptCook -->
        <test-method signature="logoTestNclick()[pri:2, instance:HomePage.homePageTest@6adbc9d]" started-at="2022-10-23T01:00:03 BDT" name="logoTestNclick" finished-at="2022-10-23T01:00:09 BDT" duration-ms="6109" status="PASS">
          <reporter-output>
          </reporter-output>
        </test-method> <!-- logoTestNclick -->
        <test-method signature="HomeCarousel()[pri:3, instance:HomePage.homePageTest@6adbc9d]" started-at="2022-10-23T01:00:09 BDT" name="HomeCarousel" finished-at="2022-10-23T01:00:36 BDT" duration-ms="27382" status="PASS">
          <reporter-output>
          </reporter-output>
        </test-method> <!-- HomeCarousel -->
        <test-method signature="ExploreProducts()[pri:4, instance:HomePage.homePageTest@6adbc9d]" started-at="2022-10-23T01:00:36 BDT" name="ExploreProducts" finished-at="2022-10-23T01:00:52 BDT" duration-ms="16000" status="PASS">
          <reporter-output>
          </reporter-output>
        </test-method> <!-- ExploreProducts -->
        <test-method signature="DesignYourGarageDoor()[pri:5, instance:HomePage.homePageTest@6adbc9d]" started-at="2022-10-23T01:00:52 BDT" name="DesignYourGarageDoor" finished-at="2022-10-23T01:01:01 BDT" duration-ms="8612" status="PASS">
          <reporter-output>
          </reporter-output>
        </test-method> <!-- DesignYourGarageDoor -->
        <test-method signature="FindDealerSection()[pri:6, instance:HomePage.homePageTest@6adbc9d]" started-at="2022-10-23T01:01:01 BDT" name="FindDealerSection" finished-at="2022-10-23T01:01:14 BDT" duration-ms="12827" status="PASS">
          <reporter-output>
          </reporter-output>
        </test-method> <!-- FindDealerSection -->
        <test-method signature="WhyAmarVideoSection()[pri:7, instance:HomePage.homePageTest@6adbc9d]" started-at="2022-10-23T01:01:14 BDT" name="WhyAmarVideoSection" finished-at="2022-10-23T01:01:22 BDT" duration-ms="8190" status="PASS">
          <reporter-output>
          </reporter-output>
        </test-method> <!-- WhyAmarVideoSection -->
        <test-method is-config="true" signature="tearDown()[pri:0, instance:HomePage.homePageTest@6adbc9d]" started-at="2022-10-23T01:01:22 BDT" name="tearDown" finished-at="2022-10-23T01:01:22 BDT" duration-ms="277" status="PASS">
          <reporter-output>
          </reporter-output>
        </test-method> <!-- tearDown -->
      </class> <!-- HomePage.homePageTest -->
    </test> <!-- Default test -->
  </suite> <!-- Default suite -->
</testng-results>
